<?xml version="1.0" encoding="UTF-8"?>
<!-- Generated by org.testng.reporters.JUnitReportReporter -->
<testsuite skipped="0" hostname="DESKTOP-6RCEUOS" name="com.w2a.testcases.LoginTest" tests="1" failures="0" timestamp="09 Jan 2021 11:10:07 GMT" time="3.032" errors="0">
  <testcase name="loginTest" time="3.032" classname="com.w2a.testcases.LoginTest"/>
</testsuite> <!-- com.w2a.testcases.LoginTest -->
